<?xml version="1.0" encoding="UTF-8"?>
<coverage generated="1684271084738" clover="3.2.0">
  <project timestamp="1684271084738" name="All files">
    <metrics statements="15" coveredstatements="15" conditionals="4" coveredconditionals="4" methods="8" coveredmethods="8" elements="27" coveredelements="27" complexity="0" loc="15" ncloc="15" packages="1" files="4" classes="4"/>
    <file name="calculator.js" path="/home/evans/Desktop/Microverse/Unit-test/calculator.js">
      <metrics statements="7" coveredstatements="7" conditionals="0" coveredconditionals="0" methods="5" coveredmethods="5"/>
      <line num="3" count="5" type="stmt"/>
      <line num="4" count="5" type="stmt"/>
      <line num="8" count="1" type="stmt"/>
      <line num="11" count="1" type="stmt"/>
      <line num="14" count="1" type="stmt"/>
      <line num="17" count="1" type="stmt"/>
      <line num="21" count="1" type="stmt"/>
    </file>
    <file name="capitalize.js" path="/home/evans/Desktop/Microverse/Unit-test/capitalize.js">
      <metrics statements="3" coveredstatements="3" conditionals="2" coveredconditionals="2" methods="1" coveredmethods="1"/>
      <line num="1" count="1" type="stmt"/>
      <line num="2" count="3" type="cond" truecount="2" falsecount="0"/>
      <line num="5" count="1" type="stmt"/>
    </file>
    <file name="reverseString.js" path="/home/evans/Desktop/Microverse/Unit-test/reverseString.js">
      <metrics statements="2" coveredstatements="2" conditionals="0" coveredconditionals="0" methods="1" coveredmethods="1"/>
      <line num="1" count="2" type="stmt"/>
      <line num="3" count="1" type="stmt"/>
    </file>
    <file name="stringLength.js" path="/home/evans/Desktop/Microverse/Unit-test/stringLength.js">
      <metrics statements="3" coveredstatements="3" conditionals="2" coveredconditionals="2" methods="1" coveredmethods="1"/>
      <line num="1" count="1" type="stmt"/>
      <line num="2" count="4" type="cond" truecount="2" falsecount="0"/>
      <line num="5" count="1" type="stmt"/>
    </file>
  </project>
</coverage>
