{"/home/evans/Desktop/Microverse/Unit-test/calculator.js": {"path":"/home/evans/Desktop/Microverse/Unit-test/calculator.js","statementMap":{"0":{"start":{"line":3,"column":4},"end":{"line":3,"column":15}},"1":{"start":{"line":4,"column":4},"end":{"line":4,"column":15}},"2":{"start":{"line":8,"column":4},"end":{"line":8,"column":17}},"3":{"start":{"line":11,"column":4},"end":{"line":11,"column":17}},"4":{"start":{"line":14,"column":4},"end":{"line":14,"column":17}},"5":{"start":{"line":17,"column":4},"end":{"line":17,"column":17}},"6":{"start":{"line":21,"column":0},"end":{"line":21,"column":28}}},"fnMap":{"0":{"name":"(anonymous_0)","decl":{"start":{"line":2,"column":2},"end":{"line":2,"column":3}},"loc":{"start":{"line":2,"column":20},"end":{"line":5,"column":3}},"line":2},"1":{"name":"(anonymous_1)","decl":{"start":{"line":7,"column":2},"end":{"line":7,"column":3}},"loc":{"start":{"line":7,"column":12},"end":{"line":9,"column":3}},"line":7},"2":{"name":"(anonymous_2)","decl":{"start":{"line":10,"column":2},"end":{"line":10,"column":3}},"loc":{"start":{"line":10,"column":17},"end":{"line":12,"column":3}},"line":10},"3":{"name":"(anonymous_3)","decl":{"start":{"line":13,"column":2},"end":{"line":13,"column":3}},"loc":{"start":{"line":13,"column":17},"end":{"line":15,"column":3}},"line":13},"4":{"name":"(anonymous_4)","decl":{"start":{"line":16,"column":2},"end":{"line":16,"column":3}},"loc":{"start":{"line":16,"column":15},"end":{"line":18,"column":3}},"line":16}},"branchMap":{},"s":{"0":5,"1":5,"2":1,"3":1,"4":1,"5":1,"6":1},"f":{"0":5,"1":1,"2":1,"3":1,"4":1},"b":{},"_coverageSchema":"1a1c01bbd47fc00a2c39e90264f33305004495a9","hash":"d8202e08a7f244ee1ccfe77672727fa6569d4c70"}
,"/home/evans/Desktop/Microverse/Unit-test/capitalize.js": {"path":"/home/evans/Desktop/Microverse/Unit-test/capitalize.js","statementMap":{"0":{"start":{"line":1,"column":19},"end":{"line":2,"column":63}},"1":{"start":{"line":2,"column":4},"end":{"line":2,"column":63}},"2":{"start":{"line":5,"column":0},"end":{"line":5,"column":28}}},"fnMap":{"0":{"name":"(anonymous_0)","decl":{"start":{"line":1,"column":19},"end":{"line":1,"column":20}},"loc":{"start":{"line":2,"column":4},"end":{"line":2,"column":63}},"line":2}},"branchMap":{"0":{"loc":{"start":{"line":2,"column":4},"end":{"line":2,"column":63}},"type":"cond-expr","locations":[{"start":{"line":2,"column":23},"end":{"line":2,"column":58}},{"start":{"line":2,"column":61},"end":{"line":2,"column":63}}],"line":2}},"s":{"0":1,"1":3,"2":1},"f":{"0":3},"b":{"0":[2,1]},"_coverageSchema":"1a1c01bbd47fc00a2c39e90264f33305004495a9","hash":"588e2d7974a5f77603e9e7e7326e1d49e5bf5e09"}
,"/home/evans/Desktop/Microverse/Unit-test/reverseString.js": {"path":"/home/evans/Desktop/Microverse/Unit-test/reverseString.js","statementMap":{"0":{"start":{"line":1,"column":22},"end":{"line":1,"column":77}},"1":{"start":{"line":1,"column":31},"end":{"line":1,"column":77}},"2":{"start":{"line":3,"column":0},"end":{"line":3,"column":31}}},"fnMap":{"0":{"name":"(anonymous_0)","decl":{"start":{"line":1,"column":22},"end":{"line":1,"column":23}},"loc":{"start":{"line":1,"column":31},"end":{"line":1,"column":77}},"line":1}},"branchMap":{},"s":{"0":1,"1":2,"2":1},"f":{"0":2},"b":{},"_coverageSchema":"1a1c01bbd47fc00a2c39e90264f33305004495a9","hash":"a8e454598d7f0804dacab556625d4ea30cef830f"}
,"/home/evans/Desktop/Microverse/Unit-test/stringLength.js": {"path":"/home/evans/Desktop/Microverse/Unit-test/stringLength.js","statementMap":{"0":{"start":{"line":1,"column":21},"end":{"line":3,"column":1}},"1":{"start":{"line":2,"column":2},"end":{"line":2,"column":43}},"2":{"start":{"line":5,"column":0},"end":{"line":5,"column":30}}},"fnMap":{"0":{"name":"(anonymous_0)","decl":{"start":{"line":1,"column":21},"end":{"line":1,"column":22}},"loc":{"start":{"line":1,"column":30},"end":{"line":3,"column":1}},"line":1}},"branchMap":{"0":{"loc":{"start":{"line":2,"column":9},"end":{"line":2,"column":42}},"type":"cond-expr","locations":[{"start":{"line":2,"column":28},"end":{"line":2,"column":38}},{"start":{"line":2,"column":41},"end":{"line":2,"column":42}}],"line":2}},"s":{"0":1,"1":4,"2":1},"f":{"0":4},"b":{"0":[3,1]},"_coverageSchema":"1a1c01bbd47fc00a2c39e90264f33305004495a9","hash":"3f2ba6c784b52a9d75aea6ebd527e10f49535117"}
}
